{"D:\\Revou\\crack-fe-DanuRenmiWijaya\\src\\app\\components\\dashboard\\stats-card.tsx": {"path":"D:\\Revou\\crack-fe-DanuRenmiWijaya\\src\\app\\components\\dashboard\\stats-card.tsx","all":false,"statementMap":{"0":{"start":{"line":1,"column":0},"end":{"line":1,"column":42}},"1":{"start":{"line":2,"column":0},"end":{"line":2,"column":0}},"2":{"start":{"line":3,"column":0},"end":{"line":3,"column":26}},"3":{"start":{"line":4,"column":0},"end":{"line":4,"column":16}},"4":{"start":{"line":5,"column":0},"end":{"line":5,"column":16}},"5":{"start":{"line":6,"column":0},"end":{"line":6,"column":19}},"6":{"start":{"line":7,"column":0},"end":{"line":7,"column":21}},"7":{"start":{"line":8,"column":0},"end":{"line":8,"column":1}},"8":{"start":{"line":9,"column":0},"end":{"line":9,"column":0}},"9":{"start":{"line":10,"column":0},"end":{"line":10,"column":93}},"10":{"start":{"line":11,"column":0},"end":{"line":11,"column":10}},"11":{"start":{"line":12,"column":0},"end":{"line":12,"column":114}},"12":{"start":{"line":13,"column":0},"end":{"line":13,"column":11}},"13":{"start":{"line":14,"column":0},"end":{"line":14,"column":94}},"14":{"start":{"line":15,"column":0},"end":{"line":15,"column":75}},"15":{"start":{"line":16,"column":0},"end":{"line":16,"column":12}},"16":{"start":{"line":17,"column":0},"end":{"line":17,"column":54}},"17":{"start":{"line":18,"column":0},"end":{"line":18,"column":26}},"18":{"start":{"line":19,"column":0},"end":{"line":19,"column":12}},"19":{"start":{"line":20,"column":0},"end":{"line":20,"column":10}},"20":{"start":{"line":21,"column":0},"end":{"line":21,"column":4}},"21":{"start":{"line":22,"column":0},"end":{"line":22,"column":1}}},"s":{"0":1,"1":1,"2":1,"3":1,"4":1,"5":1,"6":1,"7":1,"8":1,"9":1,"10":1,"11":1,"12":1,"13":1,"14":1,"15":1,"16":1,"17":1,"18":1,"19":1,"20":1,"21":1},"branchMap":{"0":{"type":"branch","line":10,"loc":{"start":{"line":10,"column":15},"end":{"line":22,"column":1}},"locations":[{"start":{"line":10,"column":15},"end":{"line":22,"column":1}}]}},"b":{"0":[1]},"fnMap":{"0":{"name":"StatsCard","decl":{"start":{"line":10,"column":15},"end":{"line":22,"column":1}},"loc":{"start":{"line":10,"column":15},"end":{"line":22,"column":1}},"line":10}},"f":{"0":1}}
,"D:\\Revou\\crack-fe-DanuRenmiWijaya\\src\\app\\components\\forms\\medical-record-form.tsx": {"path":"D:\\Revou\\crack-fe-DanuRenmiWijaya\\src\\app\\components\\forms\\medical-record-form.tsx","all":false,"statementMap":{"0":{"start":{"line":1,"column":0},"end":{"line":1,"column":13}},"1":{"start":{"line":2,"column":0},"end":{"line":2,"column":0}},"2":{"start":{"line":3,"column":0},"end":{"line":3,"column":33}},"3":{"start":{"line":4,"column":0},"end":{"line":4,"column":68}},"4":{"start":{"line":5,"column":0},"end":{"line":5,"column":77}},"5":{"start":{"line":6,"column":0},"end":{"line":6,"column":62}},"6":{"start":{"line":7,"column":0},"end":{"line":7,"column":0}},"7":{"start":{"line":8,"column":0},"end":{"line":8,"column":111}},"8":{"start":{"line":9,"column":0},"end":{"line":9,"column":39}},"9":{"start":{"line":10,"column":0},"end":{"line":10,"column":44}},"10":{"start":{"line":11,"column":0},"end":{"line":11,"column":25}},"11":{"start":{"line":12,"column":0},"end":{"line":12,"column":18}},"12":{"start":{"line":13,"column":0},"end":{"line":13,"column":18}},"13":{"start":{"line":14,"column":0},"end":{"line":14,"column":21}},"14":{"start":{"line":15,"column":0},"end":{"line":15,"column":5}},"15":{"start":{"line":16,"column":0},"end":{"line":16,"column":0}},"16":{"start":{"line":17,"column":0},"end":{"line":17,"column":32}},"17":{"start":{"line":18,"column":0},"end":{"line":18,"column":44}},"18":{"start":{"line":19,"column":0},"end":{"line":19,"column":22}},"19":{"start":{"line":20,"column":0},"end":{"line":20,"column":82}},"20":{"start":{"line":21,"column":0},"end":{"line":21,"column":45}},"21":{"start":{"line":22,"column":0},"end":{"line":22,"column":16}},"22":{"start":{"line":23,"column":0},"end":{"line":23,"column":6}},"23":{"start":{"line":24,"column":0},"end":{"line":24,"column":5}},"24":{"start":{"line":25,"column":0},"end":{"line":25,"column":0}},"25":{"start":{"line":26,"column":0},"end":{"line":26,"column":10}},"26":{"start":{"line":27,"column":0},"end":{"line":27,"column":92}},"27":{"start":{"line":28,"column":0},"end":{"line":28,"column":87}},"28":{"start":{"line":29,"column":0},"end":{"line":29,"column":86}},"29":{"start":{"line":30,"column":0},"end":{"line":30,"column":107}},"30":{"start":{"line":31,"column":0},"end":{"line":31,"column":59}},"31":{"start":{"line":32,"column":0},"end":{"line":32,"column":14}},"32":{"start":{"line":33,"column":0},"end":{"line":33,"column":8}},"33":{"start":{"line":34,"column":0},"end":{"line":34,"column":109}},"34":{"start":{"line":35,"column":0},"end":{"line":35,"column":15}},"35":{"start":{"line":36,"column":0},"end":{"line":36,"column":94}},"36":{"start":{"line":37,"column":0},"end":{"line":37,"column":22}},"37":{"start":{"line":38,"column":0},"end":{"line":38,"column":22}},"38":{"start":{"line":39,"column":0},"end":{"line":39,"column":105}},"39":{"start":{"line":40,"column":0},"end":{"line":40,"column":54}},"40":{"start":{"line":41,"column":0},"end":{"line":41,"column":85}},"41":{"start":{"line":42,"column":0},"end":{"line":42,"column":14}},"42":{"start":{"line":43,"column":0},"end":{"line":43,"column":16}},"43":{"start":{"line":44,"column":0},"end":{"line":44,"column":15}},"44":{"start":{"line":45,"column":0},"end":{"line":45,"column":98}},"45":{"start":{"line":46,"column":0},"end":{"line":46,"column":19}},"46":{"start":{"line":47,"column":0},"end":{"line":47,"column":22}},"47":{"start":{"line":48,"column":0},"end":{"line":48,"column":25}},"48":{"start":{"line":49,"column":0},"end":{"line":49,"column":105}},"49":{"start":{"line":50,"column":0},"end":{"line":50,"column":53}},"50":{"start":{"line":51,"column":0},"end":{"line":51,"column":85}},"51":{"start":{"line":52,"column":0},"end":{"line":52,"column":14}},"52":{"start":{"line":53,"column":0},"end":{"line":53,"column":16}},"53":{"start":{"line":54,"column":0},"end":{"line":54,"column":15}},"54":{"start":{"line":55,"column":0},"end":{"line":55,"column":91}},"55":{"start":{"line":56,"column":0},"end":{"line":56,"column":22}},"56":{"start":{"line":57,"column":0},"end":{"line":57,"column":105}},"57":{"start":{"line":58,"column":0},"end":{"line":58,"column":57}},"58":{"start":{"line":59,"column":0},"end":{"line":59,"column":88}},"59":{"start":{"line":60,"column":0},"end":{"line":60,"column":14}},"60":{"start":{"line":61,"column":0},"end":{"line":61,"column":16}},"61":{"start":{"line":62,"column":0},"end":{"line":62,"column":10}},"62":{"start":{"line":63,"column":0},"end":{"line":63,"column":18}},"63":{"start":{"line":64,"column":0},"end":{"line":64,"column":41}},"64":{"start":{"line":65,"column":0},"end":{"line":65,"column":118}},"65":{"start":{"line":66,"column":0},"end":{"line":66,"column":11}},"66":{"start":{"line":67,"column":0},"end":{"line":67,"column":72}},"67":{"start":{"line":68,"column":0},"end":{"line":68,"column":19}},"68":{"start":{"line":69,"column":0},"end":{"line":69,"column":15}},"69":{"start":{"line":70,"column":0},"end":{"line":70,"column":12}},"70":{"start":{"line":71,"column":0},"end":{"line":71,"column":10}},"71":{"start":{"line":72,"column":0},"end":{"line":72,"column":4}},"72":{"start":{"line":73,"column":0},"end":{"line":73,"column":1}}},"s":{"0":1,"1":1,"2":1,"3":1,"4":1,"5":1,"6":1,"7":1,"8":31,"9":31,"10":31,"11":31,"12":31,"13":31,"14":31,"15":31,"16":31,"17":31,"18":31,"19":0,"20":0,"21":0,"22":0,"23":31,"24":31,"25":31,"26":31,"27":31,"28":31,"29":31,"30":31,"31":31,"32":31,"33":31,"34":31,"35":31,"36":31,"37":31,"38":31,"39":31,"40":31,"41":31,"42":31,"43":31,"44":31,"45":31,"46":31,"47":31,"48":31,"49":31,"50":31,"51":31,"52":31,"53":31,"54":31,"55":31,"56":31,"57":31,"58":31,"59":31,"60":31,"61":31,"62":31,"63":31,"64":31,"65":31,"66":31,"67":31,"68":31,"69":31,"70":31,"71":31,"72":31},"branchMap":{"0":{"type":"branch","line":8,"loc":{"start":{"line":8,"column":15},"end":{"line":73,"column":1}},"locations":[{"start":{"line":8,"column":15},"end":{"line":73,"column":1}}]},"1":{"type":"branch","line":67,"loc":{"start":{"line":67,"column":31},"end":{"line":67,"column":51}},"locations":[{"start":{"line":67,"column":31},"end":{"line":67,"column":51}}]},"2":{"type":"branch","line":41,"loc":{"start":{"line":41,"column":24},"end":{"line":41,"column":85}},"locations":[{"start":{"line":41,"column":24},"end":{"line":41,"column":85}}]}},"b":{"0":[31],"1":[0],"2":[29]},"fnMap":{"0":{"name":"MedicalRecordForm","decl":{"start":{"line":8,"column":15},"end":{"line":73,"column":1}},"loc":{"start":{"line":8,"column":15},"end":{"line":73,"column":1}},"line":8},"1":{"name":"onSuccess","decl":{"start":{"line":19,"column":15},"end":{"line":23,"column":6}},"loc":{"start":{"line":19,"column":15},"end":{"line":23,"column":6}},"line":19},"2":{"name":"onSubmit","decl":{"start":{"line":34,"column":24},"end":{"line":34,"column":83}},"loc":{"start":{"line":34,"column":24},"end":{"line":34,"column":83}},"line":34},"3":{"name":"onChange","decl":{"start":{"line":41,"column":24},"end":{"line":41,"column":85}},"loc":{"start":{"line":41,"column":24},"end":{"line":41,"column":85}},"line":41},"4":{"name":"onChange","decl":{"start":{"line":51,"column":24},"end":{"line":51,"column":85}},"loc":{"start":{"line":51,"column":24},"end":{"line":51,"column":85}},"line":51},"5":{"name":"onChange","decl":{"start":{"line":59,"column":24},"end":{"line":59,"column":88}},"loc":{"start":{"line":59,"column":24},"end":{"line":59,"column":88}},"line":59}},"f":{"0":31,"1":0,"2":0,"3":29,"4":0,"5":0}}
,"D:\\Revou\\crack-fe-DanuRenmiWijaya\\src\\app\\components\\forms\\patient-form.tsx": {"path":"D:\\Revou\\crack-fe-DanuRenmiWijaya\\src\\app\\components\\forms\\patient-form.tsx","all":false,"statementMap":{"0":{"start":{"line":1,"column":0},"end":{"line":1,"column":13}},"1":{"start":{"line":2,"column":0},"end":{"line":2,"column":0}},"2":{"start":{"line":3,"column":0},"end":{"line":3,"column":33}},"3":{"start":{"line":4,"column":0},"end":{"line":4,"column":68}},"4":{"start":{"line":5,"column":0},"end":{"line":5,"column":64}},"5":{"start":{"line":6,"column":0},"end":{"line":6,"column":69}},"6":{"start":{"line":7,"column":0},"end":{"line":7,"column":0}},"7":{"start":{"line":8,"column":0},"end":{"line":8,"column":39}},"8":{"start":{"line":9,"column":0},"end":{"line":9,"column":39}},"9":{"start":{"line":10,"column":0},"end":{"line":10,"column":44}},"10":{"start":{"line":11,"column":0},"end":{"line":11,"column":12}},"11":{"start":{"line":12,"column":0},"end":{"line":12,"column":13}},"12":{"start":{"line":13,"column":0},"end":{"line":13,"column":24}},"13":{"start":{"line":14,"column":0},"end":{"line":14,"column":18}},"14":{"start":{"line":15,"column":0},"end":{"line":15,"column":16}},"15":{"start":{"line":16,"column":0},"end":{"line":16,"column":5}},"16":{"start":{"line":17,"column":0},"end":{"line":17,"column":0}},"17":{"start":{"line":18,"column":0},"end":{"line":18,"column":32}},"18":{"start":{"line":19,"column":0},"end":{"line":19,"column":36}},"19":{"start":{"line":20,"column":0},"end":{"line":20,"column":20}},"20":{"start":{"line":21,"column":0},"end":{"line":21,"column":85}},"21":{"start":{"line":22,"column":0},"end":{"line":22,"column":62}},"22":{"start":{"line":23,"column":0},"end":{"line":23,"column":4}},"23":{"start":{"line":24,"column":0},"end":{"line":24,"column":42}},"24":{"start":{"line":25,"column":0},"end":{"line":25,"column":4}},"25":{"start":{"line":26,"column":0},"end":{"line":26,"column":37}},"26":{"start":{"line":27,"column":0},"end":{"line":27,"column":18}},"27":{"start":{"line":28,"column":0},"end":{"line":28,"column":15}},"28":{"start":{"line":29,"column":0},"end":{"line":29,"column":16}},"29":{"start":{"line":30,"column":0},"end":{"line":30,"column":27}},"30":{"start":{"line":31,"column":0},"end":{"line":31,"column":21}},"31":{"start":{"line":32,"column":0},"end":{"line":32,"column":18}},"32":{"start":{"line":33,"column":0},"end":{"line":33,"column":7}},"33":{"start":{"line":34,"column":0},"end":{"line":34,"column":4}},"34":{"start":{"line":35,"column":0},"end":{"line":35,"column":28}},"35":{"start":{"line":36,"column":0},"end":{"line":36,"column":67}},"36":{"start":{"line":37,"column":0},"end":{"line":37,"column":67}},"37":{"start":{"line":38,"column":0},"end":{"line":38,"column":3}},"38":{"start":{"line":39,"column":0},"end":{"line":39,"column":3}},"39":{"start":{"line":40,"column":0},"end":{"line":40,"column":0}},"40":{"start":{"line":41,"column":0},"end":{"line":41,"column":48}},"41":{"start":{"line":42,"column":0},"end":{"line":42,"column":23}},"42":{"start":{"line":43,"column":0},"end":{"line":43,"column":30}},"43":{"start":{"line":44,"column":0},"end":{"line":44,"column":4}},"44":{"start":{"line":45,"column":0},"end":{"line":45,"column":0}},"45":{"start":{"line":46,"column":0},"end":{"line":46,"column":10}},"46":{"start":{"line":47,"column":0},"end":{"line":47,"column":109}},"47":{"start":{"line":48,"column":0},"end":{"line":48,"column":39}},"48":{"start":{"line":49,"column":0},"end":{"line":49,"column":77}},"49":{"start":{"line":50,"column":0},"end":{"line":50,"column":61}},"50":{"start":{"line":51,"column":0},"end":{"line":51,"column":13}},"51":{"start":{"line":52,"column":0},"end":{"line":52,"column":95}},"52":{"start":{"line":53,"column":0},"end":{"line":53,"column":12}},"53":{"start":{"line":54,"column":0},"end":{"line":54,"column":0}},"54":{"start":{"line":55,"column":0},"end":{"line":55,"column":62}},"55":{"start":{"line":56,"column":0},"end":{"line":56,"column":66}},"56":{"start":{"line":57,"column":0},"end":{"line":57,"column":63}},"57":{"start":{"line":58,"column":0},"end":{"line":58,"column":10}},"58":{"start":{"line":59,"column":0},"end":{"line":59,"column":21}},"59":{"start":{"line":60,"column":0},"end":{"line":60,"column":37}},"60":{"start":{"line":61,"column":0},"end":{"line":61,"column":91}},"61":{"start":{"line":62,"column":0},"end":{"line":62,"column":66}},"62":{"start":{"line":63,"column":0},"end":{"line":63,"column":20}},"63":{"start":{"line":64,"column":0},"end":{"line":64,"column":18}},"64":{"start":{"line":65,"column":0},"end":{"line":65,"column":25}},"65":{"start":{"line":66,"column":0},"end":{"line":66,"column":22}},"66":{"start":{"line":67,"column":0},"end":{"line":67,"column":133}},"67":{"start":{"line":68,"column":0},"end":{"line":68,"column":44}},"68":{"start":{"line":69,"column":0},"end":{"line":69,"column":34}},"69":{"start":{"line":70,"column":0},"end":{"line":70,"column":79}},"70":{"start":{"line":71,"column":0},"end":{"line":71,"column":14}},"71":{"start":{"line":72,"column":0},"end":{"line":72,"column":16}},"72":{"start":{"line":73,"column":0},"end":{"line":73,"column":0}},"73":{"start":{"line":74,"column":0},"end":{"line":74,"column":30}},"74":{"start":{"line":75,"column":0},"end":{"line":75,"column":37}},"75":{"start":{"line":76,"column":0},"end":{"line":76,"column":91}},"76":{"start":{"line":77,"column":0},"end":{"line":77,"column":69}},"77":{"start":{"line":78,"column":0},"end":{"line":78,"column":20}},"78":{"start":{"line":79,"column":0},"end":{"line":79,"column":18}},"79":{"start":{"line":80,"column":0},"end":{"line":80,"column":25}},"80":{"start":{"line":81,"column":0},"end":{"line":81,"column":22}},"81":{"start":{"line":82,"column":0},"end":{"line":82,"column":133}},"82":{"start":{"line":83,"column":0},"end":{"line":83,"column":43}},"83":{"start":{"line":84,"column":0},"end":{"line":84,"column":35}},"84":{"start":{"line":85,"column":0},"end":{"line":85,"column":80}},"85":{"start":{"line":86,"column":0},"end":{"line":86,"column":14}},"86":{"start":{"line":87,"column":0},"end":{"line":87,"column":16}},"87":{"start":{"line":88,"column":0},"end":{"line":88,"column":0}},"88":{"start":{"line":89,"column":0},"end":{"line":89,"column":31}},"89":{"start":{"line":90,"column":0},"end":{"line":90,"column":37}},"90":{"start":{"line":91,"column":0},"end":{"line":91,"column":91}},"91":{"start":{"line":92,"column":0},"end":{"line":92,"column":71}},"92":{"start":{"line":93,"column":0},"end":{"line":93,"column":20}},"93":{"start":{"line":94,"column":0},"end":{"line":94,"column":19}},"94":{"start":{"line":95,"column":0},"end":{"line":95,"column":131}},"95":{"start":{"line":96,"column":0},"end":{"line":96,"column":37}},"96":{"start":{"line":97,"column":0},"end":{"line":97,"column":82}},"97":{"start":{"line":98,"column":0},"end":{"line":98,"column":13}},"98":{"start":{"line":99,"column":0},"end":{"line":99,"column":58}},"99":{"start":{"line":100,"column":0},"end":{"line":100,"column":58}},"100":{"start":{"line":101,"column":0},"end":{"line":101,"column":21}},"101":{"start":{"line":102,"column":0},"end":{"line":102,"column":16}},"102":{"start":{"line":103,"column":0},"end":{"line":103,"column":0}},"103":{"start":{"line":104,"column":0},"end":{"line":104,"column":31}},"104":{"start":{"line":105,"column":0},"end":{"line":105,"column":37}},"105":{"start":{"line":106,"column":0},"end":{"line":106,"column":91}},"106":{"start":{"line":107,"column":0},"end":{"line":107,"column":74}},"107":{"start":{"line":108,"column":0},"end":{"line":108,"column":20}},"108":{"start":{"line":109,"column":0},"end":{"line":109,"column":18}},"109":{"start":{"line":110,"column":0},"end":{"line":110,"column":25}},"110":{"start":{"line":111,"column":0},"end":{"line":111,"column":22}},"111":{"start":{"line":112,"column":0},"end":{"line":112,"column":122}},"112":{"start":{"line":113,"column":0},"end":{"line":113,"column":40}},"113":{"start":{"line":114,"column":0},"end":{"line":114,"column":85}},"114":{"start":{"line":115,"column":0},"end":{"line":115,"column":14}},"115":{"start":{"line":116,"column":0},"end":{"line":116,"column":16}},"116":{"start":{"line":117,"column":0},"end":{"line":117,"column":14}},"117":{"start":{"line":118,"column":0},"end":{"line":118,"column":0}},"118":{"start":{"line":119,"column":0},"end":{"line":119,"column":35}},"119":{"start":{"line":120,"column":0},"end":{"line":120,"column":35}},"120":{"start":{"line":121,"column":0},"end":{"line":121,"column":89}},"121":{"start":{"line":122,"column":0},"end":{"line":122,"column":71}},"122":{"start":{"line":123,"column":0},"end":{"line":123,"column":18}},"123":{"start":{"line":124,"column":0},"end":{"line":124,"column":19}},"124":{"start":{"line":125,"column":0},"end":{"line":125,"column":125}},"125":{"start":{"line":126,"column":0},"end":{"line":126,"column":45}},"126":{"start":{"line":127,"column":0},"end":{"line":127,"column":36}},"127":{"start":{"line":128,"column":0},"end":{"line":128,"column":81}},"128":{"start":{"line":129,"column":0},"end":{"line":129,"column":12}},"129":{"start":{"line":130,"column":0},"end":{"line":130,"column":14}},"130":{"start":{"line":131,"column":0},"end":{"line":131,"column":0}},"131":{"start":{"line":132,"column":0},"end":{"line":132,"column":15}},"132":{"start":{"line":133,"column":0},"end":{"line":133,"column":23}},"133":{"start":{"line":134,"column":0},"end":{"line":134,"column":39}},"134":{"start":{"line":135,"column":0},"end":{"line":135,"column":93}},"135":{"start":{"line":136,"column":0},"end":{"line":136,"column":96}},"136":{"start":{"line":137,"column":0},"end":{"line":137,"column":13}},"137":{"start":{"line":138,"column":0},"end":{"line":138,"column":9}},"138":{"start":{"line":139,"column":0},"end":{"line":139,"column":70}},"139":{"start":{"line":140,"column":0},"end":{"line":140,"column":17}},"140":{"start":{"line":141,"column":0},"end":{"line":141,"column":13}},"141":{"start":{"line":142,"column":0},"end":{"line":142,"column":10}},"142":{"start":{"line":143,"column":0},"end":{"line":143,"column":4}},"143":{"start":{"line":144,"column":0},"end":{"line":144,"column":1}}},"s":{"0":1,"1":1,"2":1,"3":1,"4":1,"5":1,"6":1,"7":1,"8":13,"9":13,"10":13,"11":13,"12":13,"13":13,"14":13,"15":13,"16":13,"17":13,"18":13,"19":13,"20":0,"21":0,"22":0,"23":0,"24":0,"25":0,"26":0,"27":0,"28":0,"29":0,"30":0,"31":0,"32":0,"33":0,"34":13,"35":0,"36":0,"37":0,"38":13,"39":13,"40":13,"41":0,"42":0,"43":0,"44":13,"45":13,"46":13,"47":13,"48":13,"49":13,"50":13,"51":13,"52":13,"53":13,"54":13,"55":13,"56":13,"57":13,"58":13,"59":13,"60":13,"61":13,"62":13,"63":13,"64":13,"65":13,"66":13,"67":13,"68":13,"69":13,"70":13,"71":13,"72":13,"73":13,"74":13,"75":13,"76":13,"77":13,"78":13,"79":13,"80":13,"81":13,"82":13,"83":13,"84":13,"85":13,"86":13,"87":13,"88":13,"89":13,"90":13,"91":13,"92":13,"93":13,"94":13,"95":13,"96":13,"97":13,"98":13,"99":13,"100":13,"101":13,"102":13,"103":13,"104":13,"105":13,"106":13,"107":13,"108":13,"109":13,"110":13,"111":13,"112":13,"113":13,"114":13,"115":13,"116":13,"117":13,"118":13,"119":13,"120":13,"121":13,"122":13,"123":13,"124":13,"125":13,"126":13,"127":13,"128":13,"129":13,"130":13,"131":13,"132":13,"133":13,"134":13,"135":13,"136":13,"137":13,"138":13,"139":13,"140":13,"141":13,"142":13,"143":13},"branchMap":{"0":{"type":"branch","line":8,"loc":{"start":{"line":8,"column":15},"end":{"line":144,"column":1}},"locations":[{"start":{"line":8,"column":15},"end":{"line":144,"column":1}}]},"1":{"type":"branch","line":136,"loc":{"start":{"line":136,"column":30},"end":{"line":136,"column":49}},"locations":[{"start":{"line":136,"column":30},"end":{"line":136,"column":49}}]},"2":{"type":"branch","line":139,"loc":{"start":{"line":139,"column":29},"end":{"line":139,"column":49}},"locations":[{"start":{"line":139,"column":29},"end":{"line":139,"column":49}}]},"3":{"type":"branch","line":85,"loc":{"start":{"line":85,"column":24},"end":{"line":85,"column":80}},"locations":[{"start":{"line":85,"column":24},"end":{"line":85,"column":80}}]}},"b":{"0":[13],"1":[0],"2":[0],"3":[12]},"fnMap":{"0":{"name":"PatientForm","decl":{"start":{"line":8,"column":15},"end":{"line":144,"column":1}},"loc":{"start":{"line":8,"column":15},"end":{"line":144,"column":1}},"line":8},"1":{"name":"onSuccess","decl":{"start":{"line":20,"column":13},"end":{"line":34,"column":4}},"loc":{"start":{"line":20,"column":13},"end":{"line":34,"column":4}},"line":20},"2":{"name":"onError","decl":{"start":{"line":35,"column":11},"end":{"line":38,"column":3}},"loc":{"start":{"line":35,"column":11},"end":{"line":38,"column":3}},"line":35},"3":{"name":"handleSubmit","decl":{"start":{"line":41,"column":23},"end":{"line":44,"column":4}},"loc":{"start":{"line":41,"column":23},"end":{"line":44,"column":4}},"line":41},"4":{"name":"onChange","decl":{"start":{"line":70,"column":24},"end":{"line":70,"column":79}},"loc":{"start":{"line":70,"column":24},"end":{"line":70,"column":79}},"line":70},"5":{"name":"onChange","decl":{"start":{"line":85,"column":24},"end":{"line":85,"column":80}},"loc":{"start":{"line":85,"column":24},"end":{"line":85,"column":80}},"line":85},"6":{"name":"onChange","decl":{"start":{"line":97,"column":24},"end":{"line":97,"column":82}},"loc":{"start":{"line":97,"column":24},"end":{"line":97,"column":82}},"line":97},"7":{"name":"onChange","decl":{"start":{"line":114,"column":24},"end":{"line":114,"column":85}},"loc":{"start":{"line":114,"column":24},"end":{"line":114,"column":85}},"line":114},"8":{"name":"onChange","decl":{"start":{"line":128,"column":22},"end":{"line":128,"column":81}},"loc":{"start":{"line":128,"column":22},"end":{"line":128,"column":81}},"line":128}},"f":{"0":13,"1":0,"2":0,"3":0,"4":0,"5":12,"6":0,"7":0,"8":0}}
,"D:\\Revou\\crack-fe-DanuRenmiWijaya\\src\\app\\components\\tables\\patient-table.tsx": {"path":"D:\\Revou\\crack-fe-DanuRenmiWijaya\\src\\app\\components\\tables\\patient-table.tsx","all":false,"statementMap":{"0":{"start":{"line":1,"column":0},"end":{"line":1,"column":13}},"1":{"start":{"line":2,"column":0},"end":{"line":2,"column":0}},"2":{"start":{"line":3,"column":0},"end":{"line":3,"column":34}},"3":{"start":{"line":4,"column":0},"end":{"line":4,"column":78}},"4":{"start":{"line":5,"column":0},"end":{"line":5,"column":64}},"5":{"start":{"line":6,"column":0},"end":{"line":6,"column":90}},"6":{"start":{"line":7,"column":0},"end":{"line":7,"column":29}},"7":{"start":{"line":8,"column":0},"end":{"line":8,"column":0}},"8":{"start":{"line":9,"column":0},"end":{"line":9,"column":40}},"9":{"start":{"line":10,"column":0},"end":{"line":10,"column":39}},"10":{"start":{"line":11,"column":0},"end":{"line":11,"column":81}},"11":{"start":{"line":12,"column":0},"end":{"line":12,"column":0}},"12":{"start":{"line":13,"column":0},"end":{"line":13,"column":50}},"13":{"start":{"line":14,"column":0},"end":{"line":14,"column":27}},"14":{"start":{"line":15,"column":0},"end":{"line":15,"column":35}},"15":{"start":{"line":16,"column":0},"end":{"line":16,"column":5}},"16":{"start":{"line":17,"column":0},"end":{"line":17,"column":0}},"17":{"start":{"line":18,"column":0},"end":{"line":18,"column":60}},"18":{"start":{"line":19,"column":0},"end":{"line":19,"column":55}},"19":{"start":{"line":20,"column":0},"end":{"line":20,"column":62}},"20":{"start":{"line":21,"column":0},"end":{"line":21,"column":30}},"21":{"start":{"line":22,"column":0},"end":{"line":22,"column":4}},"22":{"start":{"line":23,"column":0},"end":{"line":23,"column":0}},"23":{"start":{"line":24,"column":0},"end":{"line":24,"column":38}},"24":{"start":{"line":25,"column":0},"end":{"line":25,"column":38}},"25":{"start":{"line":26,"column":0},"end":{"line":26,"column":22}},"26":{"start":{"line":27,"column":0},"end":{"line":27,"column":64}},"27":{"start":{"line":28,"column":0},"end":{"line":28,"column":44}},"28":{"start":{"line":29,"column":0},"end":{"line":29,"column":6}},"29":{"start":{"line":30,"column":0},"end":{"line":30,"column":20}},"30":{"start":{"line":31,"column":0},"end":{"line":31,"column":36}},"31":{"start":{"line":32,"column":0},"end":{"line":32,"column":5}},"32":{"start":{"line":33,"column":0},"end":{"line":33,"column":5}},"33":{"start":{"line":34,"column":0},"end":{"line":34,"column":0}},"34":{"start":{"line":35,"column":0},"end":{"line":35,"column":54}},"35":{"start":{"line":36,"column":0},"end":{"line":36,"column":76}},"36":{"start":{"line":37,"column":0},"end":{"line":37,"column":32}},"37":{"start":{"line":38,"column":0},"end":{"line":38,"column":5}},"38":{"start":{"line":39,"column":0},"end":{"line":39,"column":4}},"39":{"start":{"line":40,"column":0},"end":{"line":40,"column":0}},"40":{"start":{"line":41,"column":0},"end":{"line":41,"column":87}},"41":{"start":{"line":42,"column":0},"end":{"line":42,"column":0}},"42":{"start":{"line":43,"column":0},"end":{"line":43,"column":10}},"43":{"start":{"line":44,"column":0},"end":{"line":44,"column":37}},"44":{"start":{"line":45,"column":0},"end":{"line":45,"column":32}},"45":{"start":{"line":46,"column":0},"end":{"line":46,"column":63}},"46":{"start":{"line":47,"column":0},"end":{"line":47,"column":94}},"47":{"start":{"line":48,"column":0},"end":{"line":48,"column":105}},"48":{"start":{"line":49,"column":0},"end":{"line":49,"column":14}},"49":{"start":{"line":50,"column":0},"end":{"line":50,"column":14}},"50":{"start":{"line":51,"column":0},"end":{"line":51,"column":21}},"51":{"start":{"line":52,"column":0},"end":{"line":52,"column":52}},"52":{"start":{"line":53,"column":0},"end":{"line":53,"column":190}},"53":{"start":{"line":54,"column":0},"end":{"line":54,"column":28}},"54":{"start":{"line":55,"column":0},"end":{"line":55,"column":57}},"55":{"start":{"line":56,"column":0},"end":{"line":56,"column":10}},"56":{"start":{"line":57,"column":0},"end":{"line":57,"column":24}},"57":{"start":{"line":58,"column":0},"end":{"line":58,"column":18}},"58":{"start":{"line":59,"column":0},"end":{"line":59,"column":45}},"59":{"start":{"line":60,"column":0},"end":{"line":60,"column":107}},"60":{"start":{"line":61,"column":0},"end":{"line":61,"column":11}},"61":{"start":{"line":62,"column":0},"end":{"line":62,"column":27}},"62":{"start":{"line":63,"column":0},"end":{"line":63,"column":19}},"63":{"start":{"line":64,"column":0},"end":{"line":64,"column":10}},"64":{"start":{"line":65,"column":0},"end":{"line":65,"column":12}},"65":{"start":{"line":66,"column":0},"end":{"line":66,"column":0}},"66":{"start":{"line":67,"column":0},"end":{"line":67,"column":62}},"67":{"start":{"line":68,"column":0},"end":{"line":68,"column":84}},"68":{"start":{"line":69,"column":0},"end":{"line":69,"column":95}},"69":{"start":{"line":70,"column":0},"end":{"line":70,"column":108}},"70":{"start":{"line":71,"column":0},"end":{"line":71,"column":15}},"71":{"start":{"line":72,"column":0},"end":{"line":72,"column":12}},"72":{"start":{"line":73,"column":0},"end":{"line":73,"column":0}},"73":{"start":{"line":74,"column":0},"end":{"line":74,"column":30}},"74":{"start":{"line":75,"column":0},"end":{"line":75,"column":108}},"75":{"start":{"line":76,"column":0},"end":{"line":76,"column":60}},"76":{"start":{"line":77,"column":0},"end":{"line":77,"column":65}},"77":{"start":{"line":78,"column":0},"end":{"line":78,"column":16}},"78":{"start":{"line":79,"column":0},"end":{"line":79,"column":70}},"79":{"start":{"line":80,"column":0},"end":{"line":80,"column":79}},"80":{"start":{"line":81,"column":0},"end":{"line":81,"column":80}},"81":{"start":{"line":82,"column":0},"end":{"line":82,"column":80}},"82":{"start":{"line":83,"column":0},"end":{"line":83,"column":83}},"83":{"start":{"line":84,"column":0},"end":{"line":84,"column":17}},"84":{"start":{"line":85,"column":0},"end":{"line":85,"column":18}},"85":{"start":{"line":86,"column":0},"end":{"line":86,"column":53}},"86":{"start":{"line":87,"column":0},"end":{"line":87,"column":48}},"87":{"start":{"line":88,"column":0},"end":{"line":88,"column":78}},"88":{"start":{"line":89,"column":0},"end":{"line":89,"column":74}},"89":{"start":{"line":90,"column":0},"end":{"line":90,"column":36}},"90":{"start":{"line":91,"column":0},"end":{"line":91,"column":24}},"91":{"start":{"line":92,"column":0},"end":{"line":92,"column":47}},"92":{"start":{"line":93,"column":0},"end":{"line":93,"column":146}},"93":{"start":{"line":94,"column":0},"end":{"line":94,"column":19}},"94":{"start":{"line":95,"column":0},"end":{"line":95,"column":28}},"95":{"start":{"line":96,"column":0},"end":{"line":96,"column":111}},"96":{"start":{"line":97,"column":0},"end":{"line":97,"column":25}},"97":{"start":{"line":98,"column":0},"end":{"line":98,"column":21}},"98":{"start":{"line":99,"column":0},"end":{"line":99,"column":65}},"99":{"start":{"line":100,"column":0},"end":{"line":100,"column":126}},"100":{"start":{"line":101,"column":0},"end":{"line":101,"column":62}},"101":{"start":{"line":102,"column":0},"end":{"line":102,"column":26}},"102":{"start":{"line":103,"column":0},"end":{"line":103,"column":62}},"103":{"start":{"line":104,"column":0},"end":{"line":104,"column":86}},"104":{"start":{"line":105,"column":0},"end":{"line":105,"column":40}},"105":{"start":{"line":106,"column":0},"end":{"line":106,"column":19}},"106":{"start":{"line":107,"column":0},"end":{"line":107,"column":50}},"107":{"start":{"line":108,"column":0},"end":{"line":108,"column":27}},"108":{"start":{"line":109,"column":0},"end":{"line":109,"column":21}},"109":{"start":{"line":110,"column":0},"end":{"line":110,"column":19}},"110":{"start":{"line":111,"column":0},"end":{"line":111,"column":15}},"111":{"start":{"line":112,"column":0},"end":{"line":112,"column":18}},"112":{"start":{"line":113,"column":0},"end":{"line":113,"column":16}},"113":{"start":{"line":114,"column":0},"end":{"line":114,"column":44}},"114":{"start":{"line":115,"column":0},"end":{"line":115,"column":87}},"115":{"start":{"line":116,"column":0},"end":{"line":116,"column":10}},"116":{"start":{"line":117,"column":0},"end":{"line":117,"column":12}},"117":{"start":{"line":118,"column":0},"end":{"line":118,"column":0}},"118":{"start":{"line":119,"column":0},"end":{"line":119,"column":29}},"119":{"start":{"line":120,"column":0},"end":{"line":120,"column":43}},"120":{"start":{"line":121,"column":0},"end":{"line":121,"column":44}},"121":{"start":{"line":122,"column":0},"end":{"line":122,"column":114}},"122":{"start":{"line":123,"column":0},"end":{"line":123,"column":20}},"123":{"start":{"line":124,"column":0},"end":{"line":124,"column":56}},"124":{"start":{"line":125,"column":0},"end":{"line":125,"column":80}},"125":{"start":{"line":126,"column":0},"end":{"line":126,"column":13}},"126":{"start":{"line":127,"column":0},"end":{"line":127,"column":44}},"127":{"start":{"line":128,"column":0},"end":{"line":128,"column":21}},"128":{"start":{"line":129,"column":0},"end":{"line":129,"column":67}},"129":{"start":{"line":130,"column":0},"end":{"line":130,"column":19}},"130":{"start":{"line":131,"column":0},"end":{"line":131,"column":99}},"131":{"start":{"line":132,"column":0},"end":{"line":132,"column":49}},"132":{"start":{"line":133,"column":0},"end":{"line":133,"column":110}},"133":{"start":{"line":134,"column":0},"end":{"line":134,"column":23}},"134":{"start":{"line":135,"column":0},"end":{"line":135,"column":20}},"135":{"start":{"line":136,"column":0},"end":{"line":136,"column":156}},"136":{"start":{"line":137,"column":0},"end":{"line":137,"column":26}},"137":{"start":{"line":138,"column":0},"end":{"line":138,"column":21}},"138":{"start":{"line":139,"column":0},"end":{"line":139,"column":18}},"139":{"start":{"line":140,"column":0},"end":{"line":140,"column":73}},"140":{"start":{"line":141,"column":0},"end":{"line":141,"column":16}},"141":{"start":{"line":142,"column":0},"end":{"line":142,"column":11}},"142":{"start":{"line":143,"column":0},"end":{"line":143,"column":12}},"143":{"start":{"line":144,"column":0},"end":{"line":144,"column":10}},"144":{"start":{"line":145,"column":0},"end":{"line":145,"column":4}},"145":{"start":{"line":146,"column":0},"end":{"line":146,"column":1}}},"s":{"0":1,"1":1,"2":1,"3":1,"4":1,"5":1,"6":1,"7":1,"8":1,"9":5,"10":5,"11":5,"12":5,"13":5,"14":5,"15":5,"16":5,"17":5,"18":5,"19":10,"20":3,"21":5,"22":5,"23":5,"24":5,"25":5,"26":0,"27":0,"28":0,"29":5,"30":0,"31":0,"32":5,"33":5,"34":5,"35":0,"36":0,"37":0,"38":0,"39":5,"40":5,"41":5,"42":5,"43":5,"44":5,"45":5,"46":5,"47":5,"48":5,"49":5,"50":5,"51":5,"52":5,"53":5,"54":5,"55":5,"56":5,"57":5,"58":5,"59":5,"60":5,"61":5,"62":5,"63":5,"64":5,"65":5,"66":5,"67":5,"68":5,"69":5,"70":5,"71":5,"72":5,"73":5,"74":5,"75":5,"76":5,"77":5,"78":5,"79":5,"80":5,"81":5,"82":5,"83":5,"84":5,"85":5,"86":5,"87":5,"88":5,"89":5,"90":5,"91":5,"92":5,"93":5,"94":5,"95":5,"96":5,"97":5,"98":5,"99":5,"100":5,"101":5,"102":5,"103":5,"104":5,"105":5,"106":5,"107":5,"108":5,"109":5,"110":5,"111":5,"112":5,"113":5,"114":5,"115":5,"116":5,"117":5,"118":5,"119":5,"120":5,"121":5,"122":5,"123":5,"124":5,"125":5,"126":5,"127":5,"128":5,"129":5,"130":5,"131":5,"132":5,"133":5,"134":5,"135":5,"136":5,"137":5,"138":5,"139":5,"140":5,"141":5,"142":5,"143":5,"144":5,"145":5},"branchMap":{"0":{"type":"branch","line":9,"loc":{"start":{"line":9,"column":15},"end":{"line":146,"column":1}},"locations":[{"start":{"line":9,"column":15},"end":{"line":146,"column":1}}]},"1":{"type":"branch","line":70,"loc":{"start":{"line":70,"column":11},"end":{"line":70,"column":64}},"locations":[{"start":{"line":70,"column":11},"end":{"line":70,"column":64}}]},"2":{"type":"branch","line":70,"loc":{"start":{"line":70,"column":64},"end":{"line":70,"column":100}},"locations":[{"start":{"line":70,"column":64},"end":{"line":70,"column":100}}]},"3":{"type":"branch","line":70,"loc":{"start":{"line":70,"column":87},"end":{"line":70,"column":100}},"locations":[{"start":{"line":70,"column":87},"end":{"line":70,"column":100}}]},"4":{"type":"branch","line":19,"loc":{"start":{"line":19,"column":44},"end":{"line":21,"column":30}},"locations":[{"start":{"line":19,"column":44},"end":{"line":21,"column":30}}]},"5":{"type":"branch","line":20,"loc":{"start":{"line":20,"column":56},"end":{"line":21,"column":30}},"locations":[{"start":{"line":20,"column":56},"end":{"line":21,"column":30}}]},"6":{"type":"branch","line":55,"loc":{"start":{"line":55,"column":20},"end":{"line":55,"column":57}},"locations":[{"start":{"line":55,"column":20},"end":{"line":55,"column":57}}]},"7":{"type":"branch","line":87,"loc":{"start":{"line":87,"column":35},"end":{"line":88,"column":29}},"locations":[{"start":{"line":87,"column":35},"end":{"line":88,"column":29}}]},"8":{"type":"branch","line":100,"loc":{"start":{"line":100,"column":62},"end":{"line":100,"column":117}},"locations":[{"start":{"line":100,"column":62},"end":{"line":100,"column":117}}]},"9":{"type":"branch","line":121,"loc":{"start":{"line":121,"column":31},"end":{"line":122,"column":26}},"locations":[{"start":{"line":121,"column":31},"end":{"line":122,"column":26}}]},"10":{"type":"branch","line":136,"loc":{"start":{"line":136,"column":83},"end":{"line":136,"column":126}},"locations":[{"start":{"line":136,"column":83},"end":{"line":136,"column":126}}]}},"b":{"0":[5],"1":[4],"2":[1],"3":[0],"4":[10],"5":[3],"6":[4],"7":[7],"8":[0],"9":[7],"10":[0]},"fnMap":{"0":{"name":"PatientTable","decl":{"start":{"line":9,"column":15},"end":{"line":146,"column":1}},"loc":{"start":{"line":9,"column":15},"end":{"line":146,"column":1}},"line":9},"1":{"name":"onSuccess","decl":{"start":{"line":26,"column":15},"end":{"line":29,"column":6}},"loc":{"start":{"line":26,"column":15},"end":{"line":29,"column":6}},"line":26},"2":{"name":"onError","decl":{"start":{"line":30,"column":13},"end":{"line":32,"column":5}},"loc":{"start":{"line":30,"column":13},"end":{"line":32,"column":5}},"line":30},"3":{"name":"handleDelete","decl":{"start":{"line":35,"column":23},"end":{"line":39,"column":4}},"loc":{"start":{"line":35,"column":23},"end":{"line":39,"column":4}},"line":35},"4":{"name":"onChange","decl":{"start":{"line":55,"column":20},"end":{"line":55,"column":57}},"loc":{"start":{"line":55,"column":20},"end":{"line":55,"column":57}},"line":55},"5":{"name":"onClick","decl":{"start":{"line":59,"column":21},"end":{"line":59,"column":45}},"loc":{"start":{"line":59,"column":21},"end":{"line":59,"column":45}},"line":59},"6":{"name":"onClick","decl":{"start":{"line":103,"column":29},"end":{"line":103,"column":62}},"loc":{"start":{"line":103,"column":29},"end":{"line":103,"column":62}},"line":103},"7":{"name":"onClick","decl":{"start":{"line":124,"column":23},"end":{"line":124,"column":56}},"loc":{"start":{"line":124,"column":23},"end":{"line":124,"column":56}},"line":124}},"f":{"0":5,"1":0,"2":0,"3":0,"4":4,"5":0,"6":0,"7":0}}
,"D:\\Revou\\crack-fe-DanuRenmiWijaya\\src\\app\\services\\patient.service.ts": {"path":"D:\\Revou\\crack-fe-DanuRenmiWijaya\\src\\app\\services\\patient.service.ts","all":false,"statementMap":{"0":{"start":{"line":1,"column":0},"end":{"line":1,"column":46}},"1":{"start":{"line":2,"column":0},"end":{"line":2,"column":0}},"2":{"start":{"line":3,"column":0},"end":{"line":3,"column":31}},"3":{"start":{"line":4,"column":0},"end":{"line":4,"column":23}},"4":{"start":{"line":5,"column":0},"end":{"line":5,"column":54}},"5":{"start":{"line":6,"column":0},"end":{"line":6,"column":53}},"6":{"start":{"line":7,"column":0},"end":{"line":7,"column":16}},"7":{"start":{"line":8,"column":0},"end":{"line":8,"column":4}},"8":{"start":{"line":9,"column":0},"end":{"line":9,"column":2}},"9":{"start":{"line":10,"column":0},"end":{"line":10,"column":34}},"10":{"start":{"line":11,"column":0},"end":{"line":11,"column":58}},"11":{"start":{"line":12,"column":0},"end":{"line":12,"column":14}},"12":{"start":{"line":13,"column":0},"end":{"line":13,"column":4}},"13":{"start":{"line":14,"column":0},"end":{"line":14,"column":0}},"14":{"start":{"line":15,"column":0},"end":{"line":15,"column":39}},"15":{"start":{"line":16,"column":0},"end":{"line":16,"column":68}},"16":{"start":{"line":17,"column":0},"end":{"line":17,"column":16}},"17":{"start":{"line":18,"column":0},"end":{"line":18,"column":4}},"18":{"start":{"line":19,"column":0},"end":{"line":19,"column":0}},"19":{"start":{"line":20,"column":0},"end":{"line":20,"column":33}},"20":{"start":{"line":21,"column":0},"end":{"line":21,"column":63}},"21":{"start":{"line":22,"column":0},"end":{"line":22,"column":16}},"22":{"start":{"line":23,"column":0},"end":{"line":23,"column":4}},"23":{"start":{"line":24,"column":0},"end":{"line":24,"column":0}},"24":{"start":{"line":25,"column":0},"end":{"line":25,"column":50}},"25":{"start":{"line":26,"column":0},"end":{"line":26,"column":74}},"26":{"start":{"line":27,"column":0},"end":{"line":27,"column":16}},"27":{"start":{"line":28,"column":0},"end":{"line":28,"column":4}},"28":{"start":{"line":29,"column":0},"end":{"line":29,"column":0}},"29":{"start":{"line":30,"column":0},"end":{"line":30,"column":2}}},"s":{"0":1,"1":1,"2":1,"3":1,"4":1,"5":1,"6":1,"7":1,"8":1,"9":1,"10":0,"11":0,"12":0,"13":1,"14":1,"15":1,"16":1,"17":1,"18":1,"19":1,"20":1,"21":1,"22":1,"23":1,"24":1,"25":1,"26":1,"27":1,"28":1,"29":1},"branchMap":{"0":{"type":"branch","line":4,"loc":{"start":{"line":4,"column":10},"end":{"line":8,"column":4}},"locations":[{"start":{"line":4,"column":10},"end":{"line":8,"column":4}}]},"1":{"type":"branch","line":15,"loc":{"start":{"line":15,"column":10},"end":{"line":18,"column":4}},"locations":[{"start":{"line":15,"column":10},"end":{"line":18,"column":4}}]},"2":{"type":"branch","line":20,"loc":{"start":{"line":20,"column":10},"end":{"line":23,"column":4}},"locations":[{"start":{"line":20,"column":10},"end":{"line":23,"column":4}}]},"3":{"type":"branch","line":25,"loc":{"start":{"line":25,"column":10},"end":{"line":28,"column":4}},"locations":[{"start":{"line":25,"column":10},"end":{"line":28,"column":4}}]}},"b":{"0":[1],"1":[1],"2":[1],"3":[1]},"fnMap":{"0":{"name":"getAll","decl":{"start":{"line":4,"column":10},"end":{"line":8,"column":4}},"loc":{"start":{"line":4,"column":10},"end":{"line":8,"column":4}},"line":4},"1":{"name":"getById","decl":{"start":{"line":10,"column":11},"end":{"line":13,"column":4}},"loc":{"start":{"line":10,"column":11},"end":{"line":13,"column":4}},"line":10},"2":{"name":"create","decl":{"start":{"line":15,"column":10},"end":{"line":18,"column":4}},"loc":{"start":{"line":15,"column":10},"end":{"line":18,"column":4}},"line":15},"3":{"name":"delete","decl":{"start":{"line":20,"column":10},"end":{"line":23,"column":4}},"loc":{"start":{"line":20,"column":10},"end":{"line":23,"column":4}},"line":20},"4":{"name":"update","decl":{"start":{"line":25,"column":10},"end":{"line":28,"column":4}},"loc":{"start":{"line":25,"column":10},"end":{"line":28,"column":4}},"line":25}},"f":{"0":1,"1":0,"2":1,"3":1,"4":1}}
}
