TN:
SF:src\app\components\dashboard\stats-card.tsx
FN:10,StatsCard
FNF:1
FNH:1
FNDA:1,StatsCard
DA:1,1
DA:2,1
DA:3,1
DA:4,1
DA:5,1
DA:6,1
DA:7,1
DA:8,1
DA:9,1
DA:10,1
DA:11,1
DA:12,1
DA:13,1
DA:14,1
DA:15,1
DA:16,1
DA:17,1
DA:18,1
DA:19,1
DA:20,1
DA:21,1
DA:22,1
LF:22
LH:22
BRDA:10,0,0,1
BRF:1
BRH:1
end_of_record
TN:
SF:src\app\components\forms\medical-record-form.tsx
FN:8,MedicalRecordForm
FN:19,onSuccess
FN:34,onSubmit
FN:41,onChange
FN:51,onChange
FN:59,onChange
FNF:6
FNH:2
FNDA:31,MedicalRecordForm
FNDA:0,onSuccess
FNDA:0,onSubmit
FNDA:29,onChange
FNDA:0,onChange
FNDA:0,onChange
DA:1,1
DA:2,1
DA:3,1
DA:4,1
DA:5,1
DA:6,1
DA:7,1
DA:8,1
DA:9,31
DA:10,31
DA:11,31
DA:12,31
DA:13,31
DA:14,31
DA:15,31
DA:16,31
DA:17,31
DA:18,31
DA:19,31
DA:20,0
DA:21,0
DA:22,0
DA:23,0
DA:24,31
DA:25,31
DA:26,31
DA:27,31
DA:28,31
DA:29,31
DA:30,31
DA:31,31
DA:32,31
DA:33,31
DA:34,31
DA:35,31
DA:36,31
DA:37,31
DA:38,31
DA:39,31
DA:40,31
DA:41,31
DA:42,31
DA:43,31
DA:44,31
DA:45,31
DA:46,31
DA:47,31
DA:48,31
DA:49,31
DA:50,31
DA:51,31
DA:52,31
DA:53,31
DA:54,31
DA:55,31
DA:56,31
DA:57,31
DA:58,31
DA:59,31
DA:60,31
DA:61,31
DA:62,31
DA:63,31
DA:64,31
DA:65,31
DA:66,31
DA:67,31
DA:68,31
DA:69,31
DA:70,31
DA:71,31
DA:72,31
DA:73,31
LF:73
LH:69
BRDA:8,0,0,31
BRDA:67,1,0,0
BRDA:41,2,0,29
BRF:3
BRH:2
end_of_record
TN:
SF:src\app\components\forms\patient-form.tsx
FN:8,PatientForm
FN:20,onSuccess
FN:35,onError
FN:41,handleSubmit
FN:70,onChange
FN:85,onChange
FN:97,onChange
FN:114,onChange
FN:128,onChange
FNF:9
FNH:2
FNDA:13,PatientForm
FNDA:0,onSuccess
FNDA:0,onError
FNDA:0,handleSubmit
FNDA:0,onChange
FNDA:12,onChange
FNDA:0,onChange
FNDA:0,onChange
FNDA:0,onChange
DA:1,1
DA:2,1
DA:3,1
DA:4,1
DA:5,1
DA:6,1
DA:7,1
DA:8,1
DA:9,13
DA:10,13
DA:11,13
DA:12,13
DA:13,13
DA:14,13
DA:15,13
DA:16,13
DA:17,13
DA:18,13
DA:19,13
DA:20,13
DA:21,0
DA:22,0
DA:23,0
DA:24,0
DA:25,0
DA:26,0
DA:27,0
DA:28,0
DA:29,0
DA:30,0
DA:31,0
DA:32,0
DA:33,0
DA:34,0
DA:35,13
DA:36,0
DA:37,0
DA:38,0
DA:39,13
DA:40,13
DA:41,13
DA:42,0
DA:43,0
DA:44,0
DA:45,13
DA:46,13
DA:47,13
DA:48,13
DA:49,13
DA:50,13
DA:51,13
DA:52,13
DA:53,13
DA:54,13
DA:55,13
DA:56,13
DA:57,13
DA:58,13
DA:59,13
DA:60,13
DA:61,13
DA:62,13
DA:63,13
DA:64,13
DA:65,13
DA:66,13
DA:67,13
DA:68,13
DA:69,13
DA:70,13
DA:71,13
DA:72,13
DA:73,13
DA:74,13
DA:75,13
DA:76,13
DA:77,13
DA:78,13
DA:79,13
DA:80,13
DA:81,13
DA:82,13
DA:83,13
DA:84,13
DA:85,13
DA:86,13
DA:87,13
DA:88,13
DA:89,13
DA:90,13
DA:91,13
DA:92,13
DA:93,13
DA:94,13
DA:95,13
DA:96,13
DA:97,13
DA:98,13
DA:99,13
DA:100,13
DA:101,13
DA:102,13
DA:103,13
DA:104,13
DA:105,13
DA:106,13
DA:107,13
DA:108,13
DA:109,13
DA:110,13
DA:111,13
DA:112,13
DA:113,13
DA:114,13
DA:115,13
DA:116,13
DA:117,13
DA:118,13
DA:119,13
DA:120,13
DA:121,13
DA:122,13
DA:123,13
DA:124,13
DA:125,13
DA:126,13
DA:127,13
DA:128,13
DA:129,13
DA:130,13
DA:131,13
DA:132,13
DA:133,13
DA:134,13
DA:135,13
DA:136,13
DA:137,13
DA:138,13
DA:139,13
DA:140,13
DA:141,13
DA:142,13
DA:143,13
DA:144,13
LF:144
LH:124
BRDA:8,0,0,13
BRDA:136,1,0,0
BRDA:139,2,0,0
BRDA:85,3,0,12
BRF:4
BRH:2
end_of_record
TN:
SF:src\app\components\tables\patient-table.tsx
FN:9,PatientTable
FN:26,onSuccess
FN:30,onError
FN:35,handleDelete
FN:55,onChange
FN:59,onClick
FN:103,onClick
FN:124,onClick
FNF:8
FNH:2
FNDA:5,PatientTable
FNDA:0,onSuccess
FNDA:0,onError
FNDA:0,handleDelete
FNDA:4,onChange
FNDA:0,onClick
FNDA:0,onClick
FNDA:0,onClick
DA:1,1
DA:2,1
DA:3,1
DA:4,1
DA:5,1
DA:6,1
DA:7,1
DA:8,1
DA:9,1
DA:10,5
DA:11,5
DA:12,5
DA:13,5
DA:14,5
DA:15,5
DA:16,5
DA:17,5
DA:18,5
DA:19,5
DA:20,10
DA:21,3
DA:22,5
DA:23,5
DA:24,5
DA:25,5
DA:26,5
DA:27,0
DA:28,0
DA:29,0
DA:30,5
DA:31,0
DA:32,0
DA:33,5
DA:34,5
DA:35,5
DA:36,0
DA:37,0
DA:38,0
DA:39,0
DA:40,5
DA:41,5
DA:42,5
DA:43,5
DA:44,5
DA:45,5
DA:46,5
DA:47,5
DA:48,5
DA:49,5
DA:50,5
DA:51,5
DA:52,5
DA:53,5
DA:54,5
DA:55,5
DA:56,5
DA:57,5
DA:58,5
DA:59,5
DA:60,5
DA:61,5
DA:62,5
DA:63,5
DA:64,5
DA:65,5
DA:66,5
DA:67,5
DA:68,5
DA:69,5
DA:70,5
DA:71,5
DA:72,5
DA:73,5
DA:74,5
DA:75,5
DA:76,5
DA:77,5
DA:78,5
DA:79,5
DA:80,5
DA:81,5
DA:82,5
DA:83,5
DA:84,5
DA:85,5
DA:86,5
DA:87,5
DA:88,5
DA:89,5
DA:90,5
DA:91,5
DA:92,5
DA:93,5
DA:94,5
DA:95,5
DA:96,5
DA:97,5
DA:98,5
DA:99,5
DA:100,5
DA:101,5
DA:102,5
DA:103,5
DA:104,5
DA:105,5
DA:106,5
DA:107,5
DA:108,5
DA:109,5
DA:110,5
DA:111,5
DA:112,5
DA:113,5
DA:114,5
DA:115,5
DA:116,5
DA:117,5
DA:118,5
DA:119,5
DA:120,5
DA:121,5
DA:122,5
DA:123,5
DA:124,5
DA:125,5
DA:126,5
DA:127,5
DA:128,5
DA:129,5
DA:130,5
DA:131,5
DA:132,5
DA:133,5
DA:134,5
DA:135,5
DA:136,5
DA:137,5
DA:138,5
DA:139,5
DA:140,5
DA:141,5
DA:142,5
DA:143,5
DA:144,5
DA:145,5
DA:146,5
LF:146
LH:137
BRDA:9,0,0,5
BRDA:70,1,0,4
BRDA:70,2,0,1
BRDA:70,3,0,0
BRDA:19,4,0,10
BRDA:20,5,0,3
BRDA:55,6,0,4
BRDA:87,7,0,7
BRDA:100,8,0,0
BRDA:121,9,0,7
BRDA:136,10,0,0
BRF:11
BRH:8
end_of_record
TN:
SF:src\app\services\patient.service.ts
FN:4,getAll
FN:10,getById
FN:15,create
FN:20,delete
FN:25,update
FNF:5
FNH:4
FNDA:1,getAll
FNDA:0,getById
FNDA:1,create
FNDA:1,delete
FNDA:1,update
DA:1,1
DA:2,1
DA:3,1
DA:4,1
DA:5,1
DA:6,1
DA:7,1
DA:8,1
DA:9,1
DA:10,1
DA:11,0
DA:12,0
DA:13,0
DA:14,1
DA:15,1
DA:16,1
DA:17,1
DA:18,1
DA:19,1
DA:20,1
DA:21,1
DA:22,1
DA:23,1
DA:24,1
DA:25,1
DA:26,1
DA:27,1
DA:28,1
DA:29,1
DA:30,1
LF:30
LH:27
BRDA:4,0,0,1
BRDA:15,1,0,1
BRDA:20,2,0,1
BRDA:25,3,0,1
BRF:4
BRH:4
end_of_record
